<?xml version="1.0" encoding="UTF-8"?>
<testng-results ignored="0" total="1" passed="1" failed="0" skipped="0">
  <reporter-output>
  </reporter-output>
  <suite started-at="2026-08-13T23:55:00 IST" name="AutomationSuite" finished-at="2026-08-13T23:55:22 IST" duration-ms="21740">
    <groups>
    </groups>
    <test started-at="2026-08-13T23:55:00 IST" name="AutomationTests" finished-at="2026-08-13T23:55:22 IST" duration-ms="21740">
      <class name="com.Automationframework.Automationframework.firstTest">
        <test-method is-config="true" signature="startbrowser()[pri:0, instance:com.Automationframework.Automationframework.firstTest@38425407]" started-at="2026-08-13T23:55:01 IST" name="startbrowser" finished-at="2026-08-13T23:55:02 IST" duration-ms="950" status="PASS">
          <reporter-output>
          </reporter-output>
        </test-method> <!-- startbrowser -->
        <test-method signature="naviagatetoappurl()[pri:0, instance:com.Automationframework.Automationframework.firstTest@38425407]" started-at="2026-08-13T23:55:02 IST" name="naviagatetoappurl" finished-at="2026-08-13T23:55:22 IST" duration-ms="20354" status="PASS">
          <reporter-output>
          </reporter-output>
        </test-method> <!-- naviagatetoappurl -->
        <test-method is-config="true" signature="tearDown()[pri:0, instance:com.Automationframework.Automationframework.firstTest@38425407]" started-at="2026-08-13T23:55:22 IST" name="tearDown" finished-at="2026-08-13T23:55:22 IST" duration-ms="283" status="PASS">
          <reporter-output>
          </reporter-output>
        </test-method> <!-- tearDown -->
      </class> <!-- com.Automationframework.Automationframework.firstTest -->
    </test> <!-- AutomationTests -->
  </suite> <!-- AutomationSuite -->
</testng-results>
