<?xml version="1.0" encoding="UTF-8"?>
<testng-results ignored="0" total="1" passed="1" failed="0" skipped="0">
  <reporter-output>
  </reporter-output>
  <suite started-at="2026-08-17T00:07:09 IST" name="Surefire suite" finished-at="2026-08-17T00:07:32 IST" duration-ms="23418">
    <groups>
    </groups>
    <test started-at="2026-08-17T00:07:09 IST" name="Surefire test" finished-at="2026-08-17T00:07:32 IST" duration-ms="23418">
      <class name="com.Automationframework.Automationframework.firstTest">
        <test-method is-config="true" signature="startbrowser()[pri:0, instance:com.Automationframework.Automationframework.firstTest@2aa5fe93]" started-at="2026-08-17T00:07:09 IST" name="startbrowser" finished-at="2026-08-17T00:07:12 IST" duration-ms="3365" status="PASS">
          <reporter-output>
          </reporter-output>
        </test-method> <!-- startbrowser -->
        <test-method signature="naviagatetoappurl()[pri:0, instance:com.Automationframework.Automationframework.firstTest@2aa5fe93]" started-at="2026-08-17T00:07:12 IST" name="naviagatetoappurl" finished-at="2026-08-17T00:07:32 IST" duration-ms="19676" status="PASS">
          <reporter-output>
          </reporter-output>
        </test-method> <!-- naviagatetoappurl -->
        <test-method is-config="true" signature="tearDown()[pri:0, instance:com.Automationframework.Automationframework.firstTest@2aa5fe93]" started-at="2026-08-17T00:07:32 IST" name="tearDown" finished-at="2026-08-17T00:07:32 IST" duration-ms="321" status="PASS">
          <reporter-output>
          </reporter-output>
        </test-method> <!-- tearDown -->
      </class> <!-- com.Automationframework.Automationframework.firstTest -->
    </test> <!-- Surefire test -->
  </suite> <!-- Surefire suite -->
</testng-results>
