<?xml version="1.0" encoding="UTF-8"?>
<testng-results ignored="0" total="2" passed="2" failed="0" skipped="0">
  <reporter-output>
  </reporter-output>
  <suite started-at="2026-05-24T14:29:13 IST" name="Default suite" finished-at="2026-05-24T14:29:18 IST" duration-ms="5806">
    <groups>
    </groups>
    <test started-at="2026-05-24T14:29:13 IST" name="Default test" finished-at="2026-05-24T14:29:18 IST" duration-ms="5806">
      <class name="Testapi.apiTest">
        <test-method signature="GETmethod()[pri:0, instance:Testapi.apiTest@6069db50]" started-at="2026-05-24T14:29:13 IST" name="GETmethod" finished-at="2026-05-24T14:29:17 IST" duration-ms="3979" status="PASS">
          <reporter-output>
          </reporter-output>
        </test-method> <!-- GETmethod -->
        <test-method signature="firstAPItest()[pri:0, instance:Testapi.apiTest@6069db50]" started-at="2026-05-24T14:29:17 IST" name="firstAPItest" finished-at="2026-05-24T14:29:18 IST" duration-ms="1772" status="PASS">
          <reporter-output>
          </reporter-output>
        </test-method> <!-- firstAPItest -->
      </class> <!-- Testapi.apiTest -->
    </test> <!-- Default test -->
  </suite> <!-- Default suite -->
</testng-results>
