<?xml version="1.0" encoding="UTF-8"?>
<testng-results ignored="0" total="1" passed="1" failed="0" skipped="0">
  <reporter-output>
  </reporter-output>
  <suite started-at="2026-03-03T23:11:19 IST" name="SeleniumSuite" finished-at="2026-03-03T23:11:22 IST" duration-ms="3238">
    <groups>
    </groups>
    <test started-at="2026-03-03T23:11:19 IST" name="FirstTestExecution" finished-at="2026-03-03T23:11:22 IST" duration-ms="3238">
      <class name="Com.Automation.selenium_Automation.FirstTest">
        <test-method is-config="true" signature="setupSuite()[pri:0, instance:Com.Automation.selenium_Automation.FirstTest@4e7912d8]" started-at="2026-03-03T23:11:17 IST" name="setupSuite" finished-at="2026-03-03T23:11:19 IST" duration-ms="1955" status="PASS">
          <reporter-output>
          </reporter-output>
        </test-method> <!-- setupSuite -->
        <test-method signature="testGoogle()[pri:0, instance:Com.Automation.selenium_Automation.FirstTest@4e7912d8]" started-at="2026-03-03T23:11:19 IST" name="testGoogle" description="Verify Google homepage" finished-at="2026-03-03T23:11:21 IST" duration-ms="2537" status="PASS">
          <reporter-output>
          </reporter-output>
        </test-method> <!-- testGoogle -->
        <test-method is-config="true" signature="tearDownSuite()[pri:0, instance:Com.Automation.selenium_Automation.FirstTest@4e7912d8]" started-at="2026-03-03T23:11:22 IST" name="tearDownSuite" finished-at="2026-03-03T23:11:22 IST" duration-ms="214" status="PASS">
          <reporter-output>
          </reporter-output>
        </test-method> <!-- tearDownSuite -->
      </class> <!-- Com.Automation.selenium_Automation.FirstTest -->
    </test> <!-- FirstTestExecution -->
  </suite> <!-- SeleniumSuite -->
</testng-results>
